c:\users\chris\source\repos\userstoryconsole\debug\vc142.pdb
c:\users\chris\source\repos\userstoryconsole\debug\vc142.idb
c:\users\chris\source\repos\userstoryconsole\debug\userstory.nativecodeanalysis.sarif
c:\users\chris\source\repos\userstoryconsole\debug\userstory.nativecodeanalysis.xml
c:\users\chris\source\repos\userstoryconsole\debug\sprint.nativecodeanalysis.sarif
c:\users\chris\source\repos\userstoryconsole\debug\sprint.nativecodeanalysis.xml
c:\users\chris\source\repos\userstoryconsole\debug\source.nativecodeanalysis.sarif
c:\users\chris\source\repos\userstoryconsole\debug\source.nativecodeanalysis.xml
c:\users\chris\source\repos\userstoryconsole\debug\scrummaster.nativecodeanalysis.sarif
c:\users\chris\source\repos\userstoryconsole\debug\scrummaster.nativecodeanalysis.xml
c:\users\chris\source\repos\userstoryconsole\debug\release.nativecodeanalysis.sarif
c:\users\chris\source\repos\userstoryconsole\debug\release.nativecodeanalysis.xml
c:\users\chris\source\repos\userstoryconsole\debug\kanbanboard.nativecodeanalysis.sarif
c:\users\chris\source\repos\userstoryconsole\debug\kanbanboard.nativecodeanalysis.xml
c:\users\chris\source\repos\userstoryconsole\debug\iteration.nativecodeanalysis.sarif
c:\users\chris\source\repos\userstoryconsole\debug\iteration.nativecodeanalysis.xml
c:\users\chris\source\repos\userstoryconsole\debug\developer.nativecodeanalysis.sarif
c:\users\chris\source\repos\userstoryconsole\debug\developer.nativecodeanalysis.xml
c:\users\chris\source\repos\userstoryconsole\debug\collaborator.nativecodeanalysis.sarif
c:\users\chris\source\repos\userstoryconsole\debug\collaborator.nativecodeanalysis.xml
c:\users\chris\source\repos\userstoryconsole\debug\board.nativecodeanalysis.sarif
c:\users\chris\source\repos\userstoryconsole\debug\board.nativecodeanalysis.xml
c:\users\chris\source\repos\userstoryconsole\debug\backlog.nativecodeanalysis.sarif
c:\users\chris\source\repos\userstoryconsole\debug\backlog.nativecodeanalysis.xml
c:\users\chris\source\repos\userstoryconsole\debug\backlog.obj
c:\users\chris\source\repos\userstoryconsole\debug\board.obj
c:\users\chris\source\repos\userstoryconsole\debug\collaborator.obj
c:\users\chris\source\repos\userstoryconsole\debug\developer.obj
c:\users\chris\source\repos\userstoryconsole\debug\iteration.obj
c:\users\chris\source\repos\userstoryconsole\debug\kanbanboard.obj
c:\users\chris\source\repos\userstoryconsole\debug\release.obj
c:\users\chris\source\repos\userstoryconsole\debug\scrummaster.obj
c:\users\chris\source\repos\userstoryconsole\debug\source.obj
c:\users\chris\source\repos\userstoryconsole\debug\sprint.obj
c:\users\chris\source\repos\userstoryconsole\debug\userstory.obj
c:\users\chris\source\repos\userstoryconsole\debug\userstoryconsole.ilk
c:\users\chris\source\repos\userstoryconsole\debug\userstoryconsole.exe
c:\users\chris\source\repos\userstoryconsole\debug\userstoryconsole.pdb
c:\users\chris\source\repos\userstoryconsole\debug\vc.nativecodeanalysis.all.xml
c:\users\chris\source\repos\userstoryconsole\debug\userstoryconsole.tlog\cl.command.1.tlog
c:\users\chris\source\repos\userstoryconsole\debug\userstoryconsole.tlog\cl.read.1.tlog
c:\users\chris\source\repos\userstoryconsole\debug\userstoryconsole.tlog\cl.write.1.tlog
c:\users\chris\source\repos\userstoryconsole\debug\userstoryconsole.tlog\link.command.1.tlog
c:\users\chris\source\repos\userstoryconsole\debug\userstoryconsole.tlog\link.read.1.tlog
c:\users\chris\source\repos\userstoryconsole\debug\userstoryconsole.tlog\link.write.1.tlog
